<?xml version="1.0" encoding="UTF-8" standalone="no"?>
<!DOCTYPE log SYSTEM "logger.dtd">
<log>
<record>
  <date>2023-12-18T09:03:10.666601900Z</date>
  <millis>1702890190666</millis>
  <nanos>601900</nanos>
  <sequence>0</sequence>
  <logger>org.example.ImageZoneSelector</logger>
  <level>INFO</level>
  <class>org.example.ImageZoneSelector</class>
  <method>displayImageDataSet</method>
  <thread>27</thread>
  <message>ImageData{imageName='tripassist_odotripmi', reference='Meilen', rowIndex=3}</message>
</record>
<record>
  <date>2023-12-18T09:03:10.695829200Z</date>
  <millis>1702890190695</millis>
  <nanos>829200</nanos>
  <sequence>1</sequence>
  <logger>org.example.ImageZoneSelector</logger>
  <level>INFO</level>
  <class>org.example.ImageZoneSelector</class>
  <method>displayImageDataSet</method>
  <thread>27</thread>
  <message>ImageData{imageName='tripassist_odotripkm', reference='Kilometer', rowIndex=4}</message>
</record>
<record>
  <date>2023-12-18T09:03:10.697033800Z</date>
  <millis>1702890190697</millis>
  <nanos>33800</nanos>
  <sequence>2</sequence>
  <logger>org.example.ImageZoneSelector</logger>
  <level>INFO</level>
  <class>org.example.ImageZoneSelector</class>
  <method>displayImageDataSet</method>
  <thread>27</thread>
  <message>ImageData{imageName='tripassist_odotripmi_reset', reference='Möchten Sie dies wirklich zurücksetzen?', rowIndex=5}</message>
</record>
<record>
  <date>2023-12-18T09:03:10.698041200Z</date>
  <millis>1702890190698</millis>
  <nanos>41200</nanos>
  <sequence>3</sequence>
  <logger>org.example.ImageZoneSelector</logger>
  <level>INFO</level>
  <class>org.example.ImageZoneSelector</class>
  <method>displayImageDataSet</method>
  <thread>27</thread>
  <message>ImageData{imageName='tripassist_odotripmi_reset', reference='Zurücksetzen', rowIndex=6}</message>
</record>
<record>
  <date>2023-12-18T09:03:10.698041200Z</date>
  <millis>1702890190698</millis>
  <nanos>41200</nanos>
  <sequence>4</sequence>
  <logger>org.example.ImageZoneSelector</logger>
  <level>INFO</level>
  <class>org.example.ImageZoneSelector</class>
  <method>displayImageDataSet</method>
  <thread>27</thread>
  <message>ImageData{imageName='tripassist_odotripkm', reference='Tachostand', rowIndex=7}</message>
</record>
<record>
  <date>2023-12-18T09:03:10.699043600Z</date>
  <millis>1702890190699</millis>
  <nanos>43600</nanos>
  <sequence>5</sequence>
  <logger>org.example.ImageZoneSelector</logger>
  <level>INFO</level>
  <class>org.example.ImageZoneSelector</class>
  <method>displayImageDataSet</method>
  <thread>27</thread>
  <message>ImageData{imageName='tripassist_fromstartkm', reference='h', rowIndex=8}</message>
</record>
<record>
  <date>2023-12-18T09:03:10.699043600Z</date>
  <millis>1702890190699</millis>
  <nanos>43600</nanos>
  <sequence>6</sequence>
  <logger>org.example.ImageZoneSelector</logger>
  <level>INFO</level>
  <class>org.example.ImageZoneSelector</class>
  <method>displayImageDataSet</method>
  <thread>27</thread>
  <message>ImageData{imageName='tripassist_fromstartmi', reference='mi', rowIndex=9}</message>
</record>
<record>
  <date>2023-12-18T09:03:10.699043600Z</date>
  <millis>1702890190699</millis>
  <nanos>43600</nanos>
  <sequence>7</sequence>
  <logger>org.example.ImageZoneSelector</logger>
  <level>INFO</level>
  <class>org.example.ImageZoneSelector</class>
  <method>displayImageDataSet</method>
  <thread>27</thread>
  <message>ImageData{imageName='tripassist_fromstartmi', reference='MI', rowIndex=10}</message>
</record>
<record>
  <date>2023-12-18T09:03:10.700043500Z</date>
  <millis>1702890190700</millis>
  <nanos>43500</nanos>
  <sequence>8</sequence>
  <logger>org.example.ImageZoneSelector</logger>
  <level>INFO</level>
  <class>org.example.ImageZoneSelector</class>
  <method>displayImageDataSet</method>
  <thread>27</thread>
  <message>ImageData{imageName='tripassist_fromstartmi', reference='mpg', rowIndex=11}</message>
</record>
<record>
  <date>2023-12-18T09:03:10.700043500Z</date>
  <millis>1702890190700</millis>
  <nanos>43500</nanos>
  <sequence>9</sequence>
  <logger>org.example.ImageZoneSelector</logger>
  <level>INFO</level>
  <class>org.example.ImageZoneSelector</class>
  <method>displayImageDataSet</method>
  <thread>27</thread>
  <message>ImageData{imageName='tripassist_fromstartkm', reference='Kilometer', rowIndex=12}</message>
</record>
<record>
  <date>2023-12-18T09:03:10.701041300Z</date>
  <millis>1702890190701</millis>
  <nanos>41300</nanos>
  <sequence>10</sequence>
  <logger>org.example.ImageZoneSelector</logger>
  <level>INFO</level>
  <class>org.example.ImageZoneSelector</class>
  <method>displayImageDataSet</method>
  <thread>27</thread>
  <message>ImageData{imageName='tripassist_fromstartkm', reference='km/h', rowIndex=13}</message>
</record>
<record>
  <date>2023-12-18T09:03:10.701041300Z</date>
  <millis>1702890190701</millis>
  <nanos>41300</nanos>
  <sequence>11</sequence>
  <logger>org.example.ImageZoneSelector</logger>
  <level>INFO</level>
  <class>org.example.ImageZoneSelector</class>
  <method>displayImageDataSet</method>
  <thread>27</thread>
  <message>ImageData{imageName='tripassist_fromstartkm', reference='l/100 km', rowIndex=14}</message>
</record>
<record>
  <date>2023-12-18T09:03:10.702041500Z</date>
  <millis>1702890190702</millis>
  <nanos>41500</nanos>
  <sequence>12</sequence>
  <logger>org.example.ImageZoneSelector</logger>
  <level>INFO</level>
  <class>org.example.ImageZoneSelector</class>
  <method>displayImageDataSet</method>
  <thread>27</thread>
  <message>ImageData{imageName='tripassist_fromstartkm', reference='Verbrauch', rowIndex=15}</message>
</record>
<record>
  <date>2023-12-18T09:03:10.702041500Z</date>
  <millis>1702890190702</millis>
  <nanos>41500</nanos>
  <sequence>13</sequence>
  <logger>org.example.ImageZoneSelector</logger>
  <level>INFO</level>
  <class>org.example.ImageZoneSelector</class>
  <method>displayImageDataSet</method>
  <thread>27</thread>
  <message>ImageData{imageName='tripassist_fromstartkm', reference='Seit dem Start', rowIndex=16}</message>
</record>
<record>
  <date>2023-12-18T09:03:10.702041500Z</date>
  <millis>1702890190702</millis>
  <nanos>41500</nanos>
  <sequence>14</sequence>
  <logger>org.example.ImageZoneSelector</logger>
  <level>INFO</level>
  <class>org.example.ImageZoneSelector</class>
  <method>displayImageDataSet</method>
  <thread>27</thread>
  <message>ImageData{imageName='tripassist_fromstartkm', reference='Entfernung', rowIndex=17}</message>
</record>
<record>
  <date>2023-12-18T09:03:10.703039900Z</date>
  <millis>1702890190703</millis>
  <nanos>39900</nanos>
  <sequence>15</sequence>
  <logger>org.example.ImageZoneSelector</logger>
  <level>INFO</level>
  <class>org.example.ImageZoneSelector</class>
  <method>displayImageDataSet</method>
  <thread>27</thread>
  <message>ImageData{imageName='tripassist_fromstartkm', reference='Uhrzeit', rowIndex=18}</message>
</record>
<record>
  <date>2023-12-18T09:03:10.703039900Z</date>
  <millis>1702890190703</millis>
  <nanos>39900</nanos>
  <sequence>16</sequence>
  <logger>org.example.ImageZoneSelector</logger>
  <level>INFO</level>
  <class>org.example.ImageZoneSelector</class>
  <method>displayImageDataSet</method>
  <thread>27</thread>
  <message>ImageData{imageName='tripassist_fromstartkm', reference='Durchschnittsgeschw.', rowIndex=19}</message>
</record>
<record>
  <date>2023-12-18T09:03:10.703039900Z</date>
  <millis>1702890190703</millis>
  <nanos>39900</nanos>
  <sequence>17</sequence>
  <logger>org.example.ImageZoneSelector</logger>
  <level>INFO</level>
  <class>org.example.ImageZoneSelector</class>
  <method>displayImageDataSet</method>
  <thread>27</thread>
  <message>ImageData{imageName='tripassist_fromresetmi', reference='Seit der Rückstellung', rowIndex=20}</message>
</record>
<record>
  <date>2023-12-18T09:03:10.704042600Z</date>
  <millis>1702890190704</millis>
  <nanos>42600</nanos>
  <sequence>18</sequence>
  <logger>org.example.ImageZoneSelector</logger>
  <level>INFO</level>
  <class>org.example.ImageZoneSelector</class>
  <method>displayImageDataSet</method>
  <thread>27</thread>
  <message>ImageData{imageName='tripassist_travelassistmi', reference='mi', rowIndex=21}</message>
</record>
<record>
  <date>2023-12-18T09:03:10.704042600Z</date>
  <millis>1702890190704</millis>
  <nanos>42600</nanos>
  <sequence>19</sequence>
  <logger>org.example.ImageZoneSelector</logger>
  <level>INFO</level>
  <class>org.example.ImageZoneSelector</class>
  <method>displayImageDataSet</method>
  <thread>27</thread>
  <message>ImageData{imageName='tripassist_travelassistmi', reference='mpg', rowIndex=22}</message>
</record>
<record>
  <date>2023-12-18T09:03:10.705042100Z</date>
  <millis>1702890190705</millis>
  <nanos>42100</nanos>
  <sequence>20</sequence>
  <logger>org.example.ImageZoneSelector</logger>
  <level>INFO</level>
  <class>org.example.ImageZoneSelector</class>
  <method>displayImageDataSet</method>
  <thread>27</thread>
  <message>ImageData{imageName='tripassist_travelassistkm', reference='Kilometer', rowIndex=23}</message>
</record>
<record>
  <date>2023-12-18T09:03:10.705042100Z</date>
  <millis>1702890190705</millis>
  <nanos>42100</nanos>
  <sequence>21</sequence>
  <logger>org.example.ImageZoneSelector</logger>
  <level>INFO</level>
  <class>org.example.ImageZoneSelector</class>
  <method>displayImageDataSet</method>
  <thread>27</thread>
  <message>ImageData{imageName='tripassist_travelassistkm', reference='Verbrauch', rowIndex=24}</message>
</record>
<record>
  <date>2023-12-18T09:03:10.706041900Z</date>
  <millis>1702890190706</millis>
  <nanos>41900</nanos>
  <sequence>22</sequence>
  <logger>org.example.ImageZoneSelector</logger>
  <level>INFO</level>
  <class>org.example.ImageZoneSelector</class>
  <method>displayImageDataSet</method>
  <thread>27</thread>
  <message>ImageData{imageName='tripassist_travelassistkm', reference='l/100 km', rowIndex=25}</message>
</record>
<record>
  <date>2023-12-18T09:03:10.706041900Z</date>
  <millis>1702890190706</millis>
  <nanos>41900</nanos>
  <sequence>23</sequence>
  <logger>org.example.ImageZoneSelector</logger>
  <level>INFO</level>
  <class>org.example.ImageZoneSelector</class>
  <method>displayImageDataSet</method>
  <thread>27</thread>
  <message>ImageData{imageName='tripassist_travelassistkm', reference='Reichweite', rowIndex=26}</message>
</record>
<record>
  <date>2023-12-18T09:03:10.706041900Z</date>
  <millis>1702890190706</millis>
  <nanos>41900</nanos>
  <sequence>24</sequence>
  <logger>org.example.ImageZoneSelector</logger>
  <level>INFO</level>
  <class>org.example.ImageZoneSelector</class>
  <method>displayImageDataSet</method>
  <thread>27</thread>
  <message>ImageData{imageName='mainmenu', reference='Fahrerunterstützung', rowIndex=27}</message>
</record>
<record>
  <date>2023-12-18T09:03:10.706041900Z</date>
  <millis>1702890190706</millis>
  <nanos>41900</nanos>
  <sequence>25</sequence>
  <logger>org.example.ImageZoneSelector</logger>
  <level>INFO</level>
  <class>org.example.ImageZoneSelector</class>
  <method>displayImageDataSet</method>
  <thread>27</thread>
  <message>ImageData{imageName='mainmenu', reference='Ansicht', rowIndex=28}</message>
</record>
<record>
  <date>2023-12-18T09:03:10.707397200Z</date>
  <millis>1702890190707</millis>
  <nanos>397200</nanos>
  <sequence>26</sequence>
  <logger>org.example.ImageZoneSelector</logger>
  <level>INFO</level>
  <class>org.example.ImageZoneSelector</class>
  <method>displayImageDataSet</method>
  <thread>27</thread>
  <message>ImageData{imageName='mainmenu', reference='Fahrtassistent', rowIndex=29}</message>
</record>
<record>
  <date>2023-12-18T09:03:10.707397200Z</date>
  <millis>1702890190707</millis>
  <nanos>397200</nanos>
  <sequence>27</sequence>
  <logger>org.example.ImageZoneSelector</logger>
  <level>INFO</level>
  <class>org.example.ImageZoneSelector</class>
  <method>displayImageDataSet</method>
  <thread>27</thread>
  <message>ImageData{imageName='mainmenu', reference='Navigation', rowIndex=30}</message>
</record>
<record>
  <date>2023-12-18T09:03:10.707397200Z</date>
  <millis>1702890190707</millis>
  <nanos>397200</nanos>
  <sequence>28</sequence>
  <logger>org.example.ImageZoneSelector</logger>
  <level>INFO</level>
  <class>org.example.ImageZoneSelector</class>
  <method>displayImageDataSet</method>
  <thread>27</thread>
  <message>ImageData{imageName='mainmenu', reference='Medien', rowIndex=31}</message>
</record>
<record>
  <date>2023-12-18T09:03:10.707397200Z</date>
  <millis>1702890190707</millis>
  <nanos>397200</nanos>
  <sequence>29</sequence>
  <logger>org.example.ImageZoneSelector</logger>
  <level>INFO</level>
  <class>org.example.ImageZoneSelector</class>
  <method>displayImageDataSet</method>
  <thread>27</thread>
  <message>ImageData{imageName='mainmenu', reference='Telefon', rowIndex=32}</message>
</record>
<record>
  <date>2023-12-18T09:03:10.708406600Z</date>
  <millis>1702890190708</millis>
  <nanos>406600</nanos>
  <sequence>30</sequence>
  <logger>org.example.ImageZoneSelector</logger>
  <level>INFO</level>
  <class>org.example.ImageZoneSelector</class>
  <method>displayImageDataSet</method>
  <thread>27</thread>
  <message>ImageData{imageName='mainmenu', reference='Fahrzeug', rowIndex=33}</message>
</record>
<record>
  <date>2023-12-18T09:03:10.708406600Z</date>
  <millis>1702890190708</millis>
  <nanos>406600</nanos>
  <sequence>31</sequence>
  <logger>org.example.ImageZoneSelector</logger>
  <level>INFO</level>
  <class>org.example.ImageZoneSelector</class>
  <method>displayImageDataSet</method>
  <thread>27</thread>
  <message>ImageData{imageName='driverassistance_attentionassistlvl1', reference='Fahreraufmerksamkeitsassistent', rowIndex=34}</message>
</record>
<record>
  <date>2023-12-18T09:03:10.708406600Z</date>
  <millis>1702890190708</millis>
  <nanos>406600</nanos>
  <sequence>32</sequence>
  <logger>org.example.ImageZoneSelector</logger>
  <level>INFO</level>
  <class>org.example.ImageZoneSelector</class>
  <method>displayImageDataSet</method>
  <thread>27</thread>
  <message>ImageData{imageName='driverassistance_attentionassistlvl1', reference='Pause vor {0} h', rowIndex=35}</message>
</record>
<record>
  <date>2023-12-18T09:03:10.709404700Z</date>
  <millis>1702890190709</millis>
  <nanos>404700</nanos>
  <sequence>33</sequence>
  <logger>org.example.ImageZoneSelector</logger>
  <level>INFO</level>
  <class>org.example.ImageZoneSelector</class>
  <method>displayImageDataSet</method>
  <thread>27</thread>
  <message>ImageData{imageName='driverassistance_attentionassistlvl4', reference='Fahreraufmerksamkeitsassistent', rowIndex=36}</message>
</record>
<record>
  <date>2023-12-18T09:03:10.709404700Z</date>
  <millis>1702890190709</millis>
  <nanos>404700</nanos>
  <sequence>34</sequence>
  <logger>org.example.ImageZoneSelector</logger>
  <level>INFO</level>
  <class>org.example.ImageZoneSelector</class>
  <method>displayImageDataSet</method>
  <thread>27</thread>
  <message>ImageData{imageName='driverassistance_attentionassistlvl4', reference='Bitte versuchen Sie, eine Pause zu machen', rowIndex=37}</message>
</record>
<record>
  <date>2023-12-18T09:03:10.710407100Z</date>
  <millis>1702890190710</millis>
  <nanos>407100</nanos>
  <sequence>35</sequence>
  <logger>org.example.ImageZoneSelector</logger>
  <level>INFO</level>
  <class>org.example.ImageZoneSelector</class>
  <method>displayImageDataSet</method>
  <thread>27</thread>
  <message>ImageData{imageName='driverassistance_attentionassistlvl4', reference='Pause vor {0} h', rowIndex=38}</message>
</record>
<record>
  <date>2023-12-18T09:03:10.710407100Z</date>
  <millis>1702890190710</millis>
  <nanos>407100</nanos>
  <sequence>36</sequence>
  <logger>org.example.ImageZoneSelector</logger>
  <level>INFO</level>
  <class>org.example.ImageZoneSelector</class>
  <method>displayImageDataSet</method>
  <thread>27</thread>
  <message>ImageData{imageName='driverassistance_attentionassistlvl5', reference='Fahreraufmerksamkeitsassistent', rowIndex=39}</message>
</record>
<record>
  <date>2023-12-18T09:03:10.710407100Z</date>
  <millis>1702890190710</millis>
  <nanos>407100</nanos>
  <sequence>37</sequence>
  <logger>org.example.ImageZoneSelector</logger>
  <level>INFO</level>
  <class>org.example.ImageZoneSelector</class>
  <method>displayImageDataSet</method>
  <thread>27</thread>
  <message>ImageData{imageName='driverassistance_attentionassistlvl5', reference='Bitte versuchen Sie, eine Pause zu machen', rowIndex=40}</message>
</record>
<record>
  <date>2023-12-18T09:03:10.711450500Z</date>
  <millis>1702890190711</millis>
  <nanos>450500</nanos>
  <sequence>38</sequence>
  <logger>org.example.ImageZoneSelector</logger>
  <level>INFO</level>
  <class>org.example.ImageZoneSelector</class>
  <method>displayImageDataSet</method>
  <thread>27</thread>
  <message>ImageData{imageName='driverassistance_attentionassistlvl5', reference='Pause vor {0} h', rowIndex=41}</message>
</record>
<record>
  <date>2023-12-18T09:03:10.711450500Z</date>
  <millis>1702890190711</millis>
  <nanos>450500</nanos>
  <sequence>39</sequence>
  <logger>org.example.ImageZoneSelector</logger>
  <level>INFO</level>
  <class>org.example.ImageZoneSelector</class>
  <method>displayImageDataSet</method>
  <thread>27</thread>
  <message>ImageData{imageName='media_error', reference='Dieser Inhalt ist leider nicht verfügbar', rowIndex=42}</message>
</record>
<record>
  <date>2023-12-18T09:03:10.712405200Z</date>
  <millis>1702890190712</millis>
  <nanos>405200</nanos>
  <sequence>40</sequence>
  <logger>org.example.ImageZoneSelector</logger>
  <level>INFO</level>
  <class>org.example.ImageZoneSelector</class>
  <method>displayImageDataSet</method>
  <thread>27</thread>
  <message>ImageData{imageName='media_loading', reference='Medieninhalt wird geladen ...', rowIndex=43}</message>
</record>
<record>
  <date>2023-12-18T09:03:10.712405200Z</date>
  <millis>1702890190712</millis>
  <nanos>405200</nanos>
  <sequence>41</sequence>
  <logger>org.example.ImageZoneSelector</logger>
  <level>INFO</level>
  <class>org.example.ImageZoneSelector</class>
  <method>displayImageDataSet</method>
  <thread>27</thread>
  <message>ImageData{imageName='navigation_error', reference='Dieser Inhalt ist leider nicht verfügbar', rowIndex=44}</message>
</record>
<record>
  <date>2023-12-18T09:03:10.713405Z</date>
  <millis>1702890190713</millis>
  <nanos>405000</nanos>
  <sequence>42</sequence>
  <logger>org.example.ImageZoneSelector</logger>
  <level>INFO</level>
  <class>org.example.ImageZoneSelector</class>
  <method>displayImageDataSet</method>
  <thread>27</thread>
  <message>ImageData{imageName='navigation_loading', reference='Navigationsinhalt wird geladen ...', rowIndex=45}</message>
</record>
<record>
  <date>2023-12-18T09:03:10.713405Z</date>
  <millis>1702890190713</millis>
  <nanos>405000</nanos>
  <sequence>43</sequence>
  <logger>org.example.ImageZoneSelector</logger>
  <level>INFO</level>
  <class>org.example.ImageZoneSelector</class>
  <method>displayImageDataSet</method>
  <thread>27</thread>
  <message>ImageData{imageName='phone_error', reference='Dieser Inhalt ist leider nicht verfügbar', rowIndex=46}</message>
</record>
<record>
  <date>2023-12-18T09:03:10.713405Z</date>
  <millis>1702890190713</millis>
  <nanos>405000</nanos>
  <sequence>44</sequence>
  <logger>org.example.ImageZoneSelector</logger>
  <level>INFO</level>
  <class>org.example.ImageZoneSelector</class>
  <method>displayImageDataSet</method>
  <thread>27</thread>
  <message>ImageData{imageName='phone_loading', reference='Telefoninhalt wird geladen ...', rowIndex=47}</message>
</record>
<record>
  <date>2023-12-18T09:03:10.714406900Z</date>
  <millis>1702890190714</millis>
  <nanos>406900</nanos>
  <sequence>45</sequence>
  <logger>org.example.ImageZoneSelector</logger>
  <level>INFO</level>
  <class>org.example.ImageZoneSelector</class>
  <method>displayImageDataSet</method>
  <thread>27</thread>
  <message>ImageData{imageName='view_autolightdark', reference='Automatik', rowIndex=48}</message>
</record>
<record>
  <date>2023-12-18T09:03:10.714406900Z</date>
  <millis>1702890190714</millis>
  <nanos>406900</nanos>
  <sequence>46</sequence>
  <logger>org.example.ImageZoneSelector</logger>
  <level>INFO</level>
  <class>org.example.ImageZoneSelector</class>
  <method>displayImageDataSet</method>
  <thread>27</thread>
  <message>ImageData{imageName='view_autolightdark', reference='Helles Design', rowIndex=49}</message>
</record>
<record>
  <date>2023-12-18T09:03:10.715407100Z</date>
  <millis>1702890190715</millis>
  <nanos>407100</nanos>
  <sequence>47</sequence>
  <logger>org.example.ImageZoneSelector</logger>
  <level>INFO</level>
  <class>org.example.ImageZoneSelector</class>
  <method>displayImageDataSet</method>
  <thread>27</thread>
  <message>ImageData{imageName='view_autolightdark', reference='Dunkles Design', rowIndex=50}</message>
</record>
<record>
  <date>2023-12-18T09:03:10.715407100Z</date>
  <millis>1702890190715</millis>
  <nanos>407100</nanos>
  <sequence>48</sequence>
  <logger>org.example.ImageZoneSelector</logger>
  <level>INFO</level>
  <class>org.example.ImageZoneSelector</class>
  <method>displayImageDataSet</method>
  <thread>27</thread>
  <message>ImageData{imageName='vehicle_nextserviceinkm', reference='Nächste Wartung in', rowIndex=51}</message>
</record>
<record>
  <date>2023-12-18T09:03:10.716407500Z</date>
  <millis>1702890190716</millis>
  <nanos>407500</nanos>
  <sequence>49</sequence>
  <logger>org.example.ImageZoneSelector</logger>
  <level>INFO</level>
  <class>org.example.ImageZoneSelector</class>
  <method>displayImageDataSet</method>
  <thread>27</thread>
  <message>ImageData{imageName='vehicle_nextserviceinkm', reference='Tagen', rowIndex=52}</message>
</record>
<record>
  <date>2023-12-18T09:03:10.716407500Z</date>
  <millis>1702890190716</millis>
  <nanos>407500</nanos>
  <sequence>50</sequence>
  <logger>org.example.ImageZoneSelector</logger>
  <level>INFO</level>
  <class>org.example.ImageZoneSelector</class>
  <method>displayImageDataSet</method>
  <thread>27</thread>
  <message>ImageData{imageName='vehicle_nextserviceinkm', reference='oder', rowIndex=53}</message>
</record>
<record>
  <date>2023-12-18T09:03:10.716407500Z</date>
  <millis>1702890190716</millis>
  <nanos>407500</nanos>
  <sequence>51</sequence>
  <logger>org.example.ImageZoneSelector</logger>
  <level>INFO</level>
  <class>org.example.ImageZoneSelector</class>
  <method>displayImageDataSet</method>
  <thread>27</thread>
  <message>ImageData{imageName='vehicle_nextserviceinkm', reference='Kilometer', rowIndex=54}</message>
</record>
<record>
  <date>2023-12-18T09:03:10.716407500Z</date>
  <millis>1702890190716</millis>
  <nanos>407500</nanos>
  <sequence>52</sequence>
  <logger>org.example.ImageZoneSelector</logger>
  <level>INFO</level>
  <class>org.example.ImageZoneSelector</class>
  <method>displayImageDataSet</method>
  <thread>27</thread>
  <message>ImageData{imageName='vehicle_nextserviceinmi', reference='Nächste Wartung in', rowIndex=55}</message>
</record>
<record>
  <date>2023-12-18T09:03:10.717661Z</date>
  <millis>1702890190717</millis>
  <nanos>661000</nanos>
  <sequence>53</sequence>
  <logger>org.example.ImageZoneSelector</logger>
  <level>INFO</level>
  <class>org.example.ImageZoneSelector</class>
  <method>displayImageDataSet</method>
  <thread>27</thread>
  <message>ImageData{imageName='vehicle_nextserviceinmi', reference='Tagen', rowIndex=56}</message>
</record>
<record>
  <date>2023-12-18T09:03:10.717661Z</date>
  <millis>1702890190717</millis>
  <nanos>661000</nanos>
  <sequence>54</sequence>
  <logger>org.example.ImageZoneSelector</logger>
  <level>INFO</level>
  <class>org.example.ImageZoneSelector</class>
  <method>displayImageDataSet</method>
  <thread>27</thread>
  <message>ImageData{imageName='vehicle_nextserviceinmi', reference='oder', rowIndex=57}</message>
</record>
<record>
  <date>2023-12-18T09:03:10.718670200Z</date>
  <millis>1702890190718</millis>
  <nanos>670200</nanos>
  <sequence>55</sequence>
  <logger>org.example.ImageZoneSelector</logger>
  <level>INFO</level>
  <class>org.example.ImageZoneSelector</class>
  <method>displayImageDataSet</method>
  <thread>27</thread>
  <message>ImageData{imageName='vehicle_nextserviceinmi', reference='mi', rowIndex=58}</message>
</record>
<record>
  <date>2023-12-18T09:03:10.718670200Z</date>
  <millis>1702890190718</millis>
  <nanos>670200</nanos>
  <sequence>56</sequence>
  <logger>org.example.ImageZoneSelector</logger>
  <level>INFO</level>
  <class>org.example.ImageZoneSelector</class>
  <method>displayImageDataSet</method>
  <thread>27</thread>
  <message>ImageData{imageName='vehicle_tpm_acc', reference='Reifendruck', rowIndex=59}</message>
</record>
<record>
  <date>2023-12-18T09:03:10.718670200Z</date>
  <millis>1702890190718</millis>
  <nanos>670200</nanos>
  <sequence>57</sequence>
  <logger>org.example.ImageZoneSelector</logger>
  <level>INFO</level>
  <class>org.example.ImageZoneSelector</class>
  <method>displayImageDataSet</method>
  <thread>27</thread>
  <message>ImageData{imageName='vehicle_tpm_acc', reference='Zum Aktualisieren losfahren', rowIndex=60}</message>
</record>
<record>
  <date>2023-12-18T09:03:10.718670200Z</date>
  <millis>1702890190718</millis>
  <nanos>670200</nanos>
  <sequence>58</sequence>
  <logger>org.example.ImageZoneSelector</logger>
  <level>INFO</level>
  <class>org.example.ImageZoneSelector</class>
  <method>displayImageDataSet</method>
  <thread>27</thread>
  <message>ImageData{imageName='vehicle_tpm_active_noavl', reference='Reifendruck', rowIndex=61}</message>
</record>
<record>
  <date>2023-12-18T09:03:10.719721900Z</date>
  <millis>1702890190719</millis>
  <nanos>721900</nanos>
  <sequence>59</sequence>
  <logger>org.example.ImageZoneSelector</logger>
  <level>INFO</level>
  <class>org.example.ImageZoneSelector</class>
  <method>displayImageDataSet</method>
  <thread>27</thread>
  <message>ImageData{imageName='vehicle_tpm_active_noavl', reference='Reifendruckkontrolle
aktiv', rowIndex=62}</message>
</record>
<record>
  <date>2023-12-18T09:03:10.719721900Z</date>
  <millis>1702890190719</millis>
  <nanos>721900</nanos>
  <sequence>60</sequence>
  <logger>org.example.ImageZoneSelector</logger>
  <level>INFO</level>
  <class>org.example.ImageZoneSelector</class>
  <method>displayImageDataSet</method>
  <thread>27</thread>
  <message>ImageData{imageName='vehicle_tpm_error', reference='Reifendruck', rowIndex=63}</message>
</record>
<record>
  <date>2023-12-18T09:03:10.719721900Z</date>
  <millis>1702890190719</millis>
  <nanos>721900</nanos>
  <sequence>61</sequence>
  <logger>org.example.ImageZoneSelector</logger>
  <level>INFO</level>
  <class>org.example.ImageZoneSelector</class>
  <method>displayImageDataSet</method>
  <thread>27</thread>
  <message>ImageData{imageName='vehicle_tpm_error', reference='Reifendruckkontrolle
ohne Funktion', rowIndex=64}</message>
</record>
<record>
  <date>2023-12-18T09:03:10.720732600Z</date>
  <millis>1702890190720</millis>
  <nanos>732600</nanos>
  <sequence>62</sequence>
  <logger>org.example.ImageZoneSelector</logger>
  <level>INFO</level>
  <class>org.example.ImageZoneSelector</class>
  <method>displayImageDataSet</method>
  <thread>27</thread>
  <message>ImageData{imageName='vehicle_tpm_nosensors', reference='Reifendruck', rowIndex=65}</message>
</record>
<record>
  <date>2023-12-18T09:03:10.720732600Z</date>
  <millis>1702890190720</millis>
  <nanos>732600</nanos>
  <sequence>63</sequence>
  <logger>org.example.ImageZoneSelector</logger>
  <level>INFO</level>
  <class>org.example.ImageZoneSelector</class>
  <method>displayImageDataSet</method>
  <thread>27</thread>
  <message>ImageData{imageName='vehicle_tpm_nosensors', reference='Reifendrucküberwachung
funktionsunfähig
Keine Radsensoren', rowIndex=66}</message>
</record>
<record>
  <date>2023-12-18T09:03:10.720732600Z</date>
  <millis>1702890190720</millis>
  <nanos>732600</nanos>
  <sequence>64</sequence>
  <logger>org.example.ImageZoneSelector</logger>
  <level>INFO</level>
  <class>org.example.ImageZoneSelector</class>
  <method>displayImageDataSet</method>
  <thread>27</thread>
  <message>ImageData{imageName='vehicle_tpm_reset', reference='Reifendruck', rowIndex=67}</message>
</record>
<record>
  <date>2023-12-18T09:03:10.721731300Z</date>
  <millis>1702890190721</millis>
  <nanos>731300</nanos>
  <sequence>65</sequence>
  <logger>org.example.ImageZoneSelector</logger>
  <level>INFO</level>
  <class>org.example.ImageZoneSelector</class>
  <method>displayImageDataSet</method>
  <thread>27</thread>
  <message>ImageData{imageName='vehicle_tpm_reset', reference='Reifendrücke zurücksetzen?', rowIndex=68}</message>
</record>
<record>
  <date>2023-12-18T09:03:10.721731300Z</date>
  <millis>1702890190721</millis>
  <nanos>731300</nanos>
  <sequence>66</sequence>
  <logger>org.example.ImageZoneSelector</logger>
  <level>INFO</level>
  <class>org.example.ImageZoneSelector</class>
  <method>displayImageDataSet</method>
  <thread>27</thread>
  <message>ImageData{imageName='vehicle_tpm_reset', reference='Zurücksetzen', rowIndex=69}</message>
</record>
<record>
  <date>2023-12-18T09:03:10.721731300Z</date>
  <millis>1702890190721</millis>
  <nanos>731300</nanos>
  <sequence>67</sequence>
  <logger>org.example.ImageZoneSelector</logger>
  <level>INFO</level>
  <class>org.example.ImageZoneSelector</class>
  <method>displayImageDataSet</method>
  <thread>27</thread>
  <message>ImageData{imageName='vehicle_tpm_wait', reference='Reifendruck', rowIndex=70}</message>
</record>
<record>
  <date>2023-12-18T09:03:10.721731300Z</date>
  <millis>1702890190721</millis>
  <nanos>731300</nanos>
  <sequence>68</sequence>
  <logger>org.example.ImageZoneSelector</logger>
  <level>INFO</level>
  <class>org.example.ImageZoneSelector</class>
  <method>displayImageDataSet</method>
  <thread>27</thread>
  <message>ImageData{imageName='vehicle_tpm_wait', reference='Zum Aktualisieren losfahren', rowIndex=71}</message>
</record>
<record>
  <date>2023-12-18T09:03:10.722729800Z</date>
  <millis>1702890190722</millis>
  <nanos>729800</nanos>
  <sequence>69</sequence>
  <logger>org.example.ImageZoneSelector</logger>
  <level>INFO</level>
  <class>org.example.ImageZoneSelector</class>
  <method>displayImageDataSet</method>
  <thread>27</thread>
  <message>ImageData{imageName='vehicle_tpm_bar_celsius', reference='Reifendruck', rowIndex=72}</message>
</record>
<record>
  <date>2023-12-18T09:03:10.722729800Z</date>
  <millis>1702890190722</millis>
  <nanos>729800</nanos>
  <sequence>70</sequence>
  <logger>org.example.ImageZoneSelector</logger>
  <level>INFO</level>
  <class>org.example.ImageZoneSelector</class>
  <method>displayImageDataSet</method>
  <thread>27</thread>
  <message>ImageData{imageName='vehicle_tpm_bar_celsius', reference='bar', rowIndex=73}</message>
</record>
<record>
  <date>2023-12-18T09:03:10.722729800Z</date>
  <millis>1702890190722</millis>
  <nanos>729800</nanos>
  <sequence>71</sequence>
  <logger>org.example.ImageZoneSelector</logger>
  <level>INFO</level>
  <class>org.example.ImageZoneSelector</class>
  <method>displayImageDataSet</method>
  <thread>27</thread>
  <message>ImageData{imageName='vehicle_tpm_bar_celsius', reference='bar', rowIndex=74}</message>
</record>
<record>
  <date>2023-12-18T09:03:10.722729800Z</date>
  <millis>1702890190722</millis>
  <nanos>729800</nanos>
  <sequence>72</sequence>
  <logger>org.example.ImageZoneSelector</logger>
  <level>INFO</level>
  <class>org.example.ImageZoneSelector</class>
  <method>displayImageDataSet</method>
  <thread>27</thread>
  <message>ImageData{imageName='vehicle_tpm_bar_celsius', reference='bar', rowIndex=75}</message>
</record>
<record>
  <date>2023-12-18T09:03:10.723730600Z</date>
  <millis>1702890190723</millis>
  <nanos>730600</nanos>
  <sequence>73</sequence>
  <logger>org.example.ImageZoneSelector</logger>
  <level>INFO</level>
  <class>org.example.ImageZoneSelector</class>
  <method>displayImageDataSet</method>
  <thread>27</thread>
  <message>ImageData{imageName='vehicle_tpm_bar_celsius', reference='bar', rowIndex=76}</message>
</record>
<record>
  <date>2023-12-18T09:03:10.723730600Z</date>
  <millis>1702890190723</millis>
  <nanos>730600</nanos>
  <sequence>74</sequence>
  <logger>org.example.ImageZoneSelector</logger>
  <level>INFO</level>
  <class>org.example.ImageZoneSelector</class>
  <method>displayImageDataSet</method>
  <thread>27</thread>
  <message>ImageData{imageName='vehicle_tpm_bar_celsius', reference='°C', rowIndex=77}</message>
</record>
<record>
  <date>2023-12-18T09:03:10.724731600Z</date>
  <millis>1702890190724</millis>
  <nanos>731600</nanos>
  <sequence>75</sequence>
  <logger>org.example.ImageZoneSelector</logger>
  <level>INFO</level>
  <class>org.example.ImageZoneSelector</class>
  <method>displayImageDataSet</method>
  <thread>27</thread>
  <message>ImageData{imageName='vehicle_tpm_bar_celsius', reference='°C', rowIndex=78}</message>
</record>
<record>
  <date>2023-12-18T09:03:10.725728700Z</date>
  <millis>1702890190725</millis>
  <nanos>728700</nanos>
  <sequence>76</sequence>
  <logger>org.example.ImageZoneSelector</logger>
  <level>INFO</level>
  <class>org.example.ImageZoneSelector</class>
  <method>displayImageDataSet</method>
  <thread>27</thread>
  <message>ImageData{imageName='vehicle_tpm_bar_celsius', reference='°C', rowIndex=79}</message>
</record>
<record>
  <date>2023-12-18T09:03:10.725728700Z</date>
  <millis>1702890190725</millis>
  <nanos>728700</nanos>
  <sequence>77</sequence>
  <logger>org.example.ImageZoneSelector</logger>
  <level>INFO</level>
  <class>org.example.ImageZoneSelector</class>
  <method>displayImageDataSet</method>
  <thread>27</thread>
  <message>ImageData{imageName='vehicle_tpm_bar_celsius', reference='°C', rowIndex=80}</message>
</record>
<record>
  <date>2023-12-18T09:03:10.725728700Z</date>
  <millis>1702890190725</millis>
  <nanos>728700</nanos>
  <sequence>78</sequence>
  <logger>org.example.ImageZoneSelector</logger>
  <level>INFO</level>
  <class>org.example.ImageZoneSelector</class>
  <method>displayImageDataSet</method>
  <thread>27</thread>
  <message>ImageData{imageName='vehicle_tpm_kpa_fahrenheit', reference='Reifendruck', rowIndex=81}</message>
</record>
<record>
  <date>2023-12-18T09:03:10.726729500Z</date>
  <millis>1702890190726</millis>
  <nanos>729500</nanos>
  <sequence>79</sequence>
  <logger>org.example.ImageZoneSelector</logger>
  <level>INFO</level>
  <class>org.example.ImageZoneSelector</class>
  <method>displayImageDataSet</method>
  <thread>27</thread>
  <message>ImageData{imageName='vehicle_tpm_kpa_fahrenheit', reference='kPa', rowIndex=82}</message>
</record>
<record>
  <date>2023-12-18T09:03:10.726729500Z</date>
  <millis>1702890190726</millis>
  <nanos>729500</nanos>
  <sequence>80</sequence>
  <logger>org.example.ImageZoneSelector</logger>
  <level>INFO</level>
  <class>org.example.ImageZoneSelector</class>
  <method>displayImageDataSet</method>
  <thread>27</thread>
  <message>ImageData{imageName='vehicle_tpm_kpa_fahrenheit', reference='kPa', rowIndex=83}</message>
</record>
<record>
  <date>2023-12-18T09:03:10.726729500Z</date>
  <millis>1702890190726</millis>
  <nanos>729500</nanos>
  <sequence>81</sequence>
  <logger>org.example.ImageZoneSelector</logger>
  <level>INFO</level>
  <class>org.example.ImageZoneSelector</class>
  <method>displayImageDataSet</method>
  <thread>27</thread>
  <message>ImageData{imageName='vehicle_tpm_kpa_fahrenheit', reference='kPa', rowIndex=84}</message>
</record>
<record>
  <date>2023-12-18T09:03:10.726729500Z</date>
  <millis>1702890190726</millis>
  <nanos>729500</nanos>
  <sequence>82</sequence>
  <logger>org.example.ImageZoneSelector</logger>
  <level>INFO</level>
  <class>org.example.ImageZoneSelector</class>
  <method>displayImageDataSet</method>
  <thread>27</thread>
  <message>ImageData{imageName='vehicle_tpm_kpa_fahrenheit', reference='kPa', rowIndex=85}</message>
</record>
<record>
  <date>2023-12-18T09:03:10.728002300Z</date>
  <millis>1702890190728</millis>
  <nanos>2300</nanos>
  <sequence>83</sequence>
  <logger>org.example.ImageZoneSelector</logger>
  <level>INFO</level>
  <class>org.example.ImageZoneSelector</class>
  <method>displayImageDataSet</method>
  <thread>27</thread>
  <message>ImageData{imageName='vehicle_tpm_kpa_fahrenheit', reference='°F', rowIndex=86}</message>
</record>
<record>
  <date>2023-12-18T09:03:10.728002300Z</date>
  <millis>1702890190728</millis>
  <nanos>2300</nanos>
  <sequence>84</sequence>
  <logger>org.example.ImageZoneSelector</logger>
  <level>INFO</level>
  <class>org.example.ImageZoneSelector</class>
  <method>displayImageDataSet</method>
  <thread>27</thread>
  <message>ImageData{imageName='vehicle_tpm_kpa_fahrenheit', reference='°F', rowIndex=87}</message>
</record>
<record>
  <date>2023-12-18T09:03:10.728002300Z</date>
  <millis>1702890190728</millis>
  <nanos>2300</nanos>
  <sequence>85</sequence>
  <logger>org.example.ImageZoneSelector</logger>
  <level>INFO</level>
  <class>org.example.ImageZoneSelector</class>
  <method>displayImageDataSet</method>
  <thread>27</thread>
  <message>ImageData{imageName='vehicle_tpm_kpa_fahrenheit', reference='°F', rowIndex=88}</message>
</record>
<record>
  <date>2023-12-18T09:03:10.728002300Z</date>
  <millis>1702890190728</millis>
  <nanos>2300</nanos>
  <sequence>86</sequence>
  <logger>org.example.ImageZoneSelector</logger>
  <level>INFO</level>
  <class>org.example.ImageZoneSelector</class>
  <method>displayImageDataSet</method>
  <thread>27</thread>
  <message>ImageData{imageName='vehicle_tpm_kpa_fahrenheit', reference='°F', rowIndex=89}</message>
</record>
<record>
  <date>2023-12-18T09:03:10.728002300Z</date>
  <millis>1702890190728</millis>
  <nanos>2300</nanos>
  <sequence>87</sequence>
  <logger>org.example.ImageZoneSelector</logger>
  <level>INFO</level>
  <class>org.example.ImageZoneSelector</class>
  <method>displayImageDataSet</method>
  <thread>27</thread>
  <message>ImageData{imageName='vehicle_tpm_psi_celsius', reference='Reifendruck', rowIndex=90}</message>
</record>
<record>
  <date>2023-12-18T09:03:10.729353800Z</date>
  <millis>1702890190729</millis>
  <nanos>353800</nanos>
  <sequence>88</sequence>
  <logger>org.example.ImageZoneSelector</logger>
  <level>INFO</level>
  <class>org.example.ImageZoneSelector</class>
  <method>displayImageDataSet</method>
  <thread>27</thread>
  <message>ImageData{imageName='vehicle_tpm_psi_celsius', reference='psi', rowIndex=91}</message>
</record>
<record>
  <date>2023-12-18T09:03:10.729353800Z</date>
  <millis>1702890190729</millis>
  <nanos>353800</nanos>
  <sequence>89</sequence>
  <logger>org.example.ImageZoneSelector</logger>
  <level>INFO</level>
  <class>org.example.ImageZoneSelector</class>
  <method>displayImageDataSet</method>
  <thread>27</thread>
  <message>ImageData{imageName='vehicle_tpm_psi_celsius', reference='psi', rowIndex=92}</message>
</record>
<record>
  <date>2023-12-18T09:03:10.730374900Z</date>
  <millis>1702890190730</millis>
  <nanos>374900</nanos>
  <sequence>90</sequence>
  <logger>org.example.ImageZoneSelector</logger>
  <level>INFO</level>
  <class>org.example.ImageZoneSelector</class>
  <method>displayImageDataSet</method>
  <thread>27</thread>
  <message>ImageData{imageName='vehicle_tpm_psi_celsius', reference='psi', rowIndex=93}</message>
</record>
<record>
  <date>2023-12-18T09:03:10.730374900Z</date>
  <millis>1702890190730</millis>
  <nanos>374900</nanos>
  <sequence>91</sequence>
  <logger>org.example.ImageZoneSelector</logger>
  <level>INFO</level>
  <class>org.example.ImageZoneSelector</class>
  <method>displayImageDataSet</method>
  <thread>27</thread>
  <message>ImageData{imageName='vehicle_tpm_psi_celsius', reference='psi', rowIndex=94}</message>
</record>
<record>
  <date>2023-12-18T09:03:10.730374900Z</date>
  <millis>1702890190730</millis>
  <nanos>374900</nanos>
  <sequence>92</sequence>
  <logger>org.example.ImageZoneSelector</logger>
  <level>INFO</level>
  <class>org.example.ImageZoneSelector</class>
  <method>displayImageDataSet</method>
  <thread>27</thread>
  <message>ImageData{imageName='vehicle_tpm_psi_celsius', reference='°C', rowIndex=95}</message>
</record>
<record>
  <date>2023-12-18T09:03:10.730374900Z</date>
  <millis>1702890190730</millis>
  <nanos>374900</nanos>
  <sequence>93</sequence>
  <logger>org.example.ImageZoneSelector</logger>
  <level>INFO</level>
  <class>org.example.ImageZoneSelector</class>
  <method>displayImageDataSet</method>
  <thread>27</thread>
  <message>ImageData{imageName='vehicle_tpm_psi_celsius', reference='°C', rowIndex=96}</message>
</record>
<record>
  <date>2023-12-18T09:03:10.730374900Z</date>
  <millis>1702890190730</millis>
  <nanos>374900</nanos>
  <sequence>94</sequence>
  <logger>org.example.ImageZoneSelector</logger>
  <level>INFO</level>
  <class>org.example.ImageZoneSelector</class>
  <method>displayImageDataSet</method>
  <thread>27</thread>
  <message>ImageData{imageName='vehicle_tpm_psi_celsius', reference='°C', rowIndex=97}</message>
</record>
<record>
  <date>2023-12-18T09:03:10.731630500Z</date>
  <millis>1702890190731</millis>
  <nanos>630500</nanos>
  <sequence>95</sequence>
  <logger>org.example.ImageZoneSelector</logger>
  <level>INFO</level>
  <class>org.example.ImageZoneSelector</class>
  <method>displayImageDataSet</method>
  <thread>27</thread>
  <message>ImageData{imageName='vehicle_tpm_psi_celsius', reference='°C', rowIndex=98}</message>
</record>
<record>
  <date>2023-12-18T09:03:10.731630500Z</date>
  <millis>1702890190731</millis>
  <nanos>630500</nanos>
  <sequence>96</sequence>
  <logger>org.example.ImageZoneSelector</logger>
  <level>INFO</level>
  <class>org.example.ImageZoneSelector</class>
  <method>displayImageDataSet</method>
  <thread>27</thread>
  <message>ImageData{imageName='vehicle_engineoillevel_0', reference='Motorölstand', rowIndex=99}</message>
</record>
<record>
  <date>2023-12-18T09:03:10.731630500Z</date>
  <millis>1702890190731</millis>
  <nanos>630500</nanos>
  <sequence>97</sequence>
  <logger>org.example.ImageZoneSelector</logger>
  <level>INFO</level>
  <class>org.example.ImageZoneSelector</class>
  <method>displayImageDataSet</method>
  <thread>27</thread>
  <message>ImageData{imageName='vehicle_engineoillevel_0', reference='Nicht verfügbar', rowIndex=100}</message>
</record>
<record>
  <date>2023-12-18T09:03:10.731630500Z</date>
  <millis>1702890190731</millis>
  <nanos>630500</nanos>
  <sequence>98</sequence>
  <logger>org.example.ImageZoneSelector</logger>
  <level>INFO</level>
  <class>org.example.ImageZoneSelector</class>
  <method>displayImageDataSet</method>
  <thread>27</thread>
  <message>ImageData{imageName='vehicle_engineoillevel_1', reference='Motorölstand', rowIndex=101}</message>
</record>
<record>
  <date>2023-12-18T09:03:10.732669200Z</date>
  <millis>1702890190732</millis>
  <nanos>669200</nanos>
  <sequence>99</sequence>
  <logger>org.example.ImageZoneSelector</logger>
  <level>INFO</level>
  <class>org.example.ImageZoneSelector</class>
  <method>displayImageDataSet</method>
  <thread>27</thread>
  <message>ImageData{imageName='vehicle_engineoillevel_1', reference='Motorölstand
System ohne Funktion', rowIndex=102}</message>
</record>
<record>
  <date>2023-12-18T09:03:10.732669200Z</date>
  <millis>1702890190732</millis>
  <nanos>669200</nanos>
  <sequence>100</sequence>
  <logger>org.example.ImageZoneSelector</logger>
  <level>INFO</level>
  <class>org.example.ImageZoneSelector</class>
  <method>displayImageDataSet</method>
  <thread>27</thread>
  <message>ImageData{imageName='vehicle_engineoillevel_2', reference='Motorölstand', rowIndex=103}</message>
</record>
<record>
  <date>2023-12-18T09:03:10.732669200Z</date>
  <millis>1702890190732</millis>
  <nanos>669200</nanos>
  <sequence>101</sequence>
  <logger>org.example.ImageZoneSelector</logger>
  <level>INFO</level>
  <class>org.example.ImageZoneSelector</class>
  <method>displayImageDataSet</method>
  <thread>27</thread>
  <message>ImageData{imageName='vehicle_engineoillevel_2', reference='Motor zum Aktualisieren starten', rowIndex=104}</message>
</record>
<record>
  <date>2023-12-18T09:03:10.732669200Z</date>
  <millis>1702890190732</millis>
  <nanos>669200</nanos>
  <sequence>102</sequence>
  <logger>org.example.ImageZoneSelector</logger>
  <level>INFO</level>
  <class>org.example.ImageZoneSelector</class>
  <method>displayImageDataSet</method>
  <thread>27</thread>
  <message>ImageData{imageName='vehicle_engineoillevel_3', reference='Motorölstand', rowIndex=105}</message>
</record>
<record>
  <date>2023-12-18T09:03:10.732669200Z</date>
  <millis>1702890190732</millis>
  <nanos>669200</nanos>
  <sequence>103</sequence>
  <logger>org.example.ImageZoneSelector</logger>
  <level>INFO</level>
  <class>org.example.ImageZoneSelector</class>
  <method>displayImageDataSet</method>
  <thread>27</thread>
  <message>ImageData{imageName='vehicle_engineoillevel_3', reference='Motorölstand
System ohne Funktion', rowIndex=106}</message>
</record>
<record>
  <date>2023-12-18T09:03:10.734149400Z</date>
  <millis>1702890190734</millis>
  <nanos>149400</nanos>
  <sequence>104</sequence>
  <logger>org.example.ImageZoneSelector</logger>
  <level>INFO</level>
  <class>org.example.ImageZoneSelector</class>
  <method>displayImageDataSet</method>
  <thread>27</thread>
  <message>ImageData{imageName='vehicle_engineoillevel_4', reference='Motorölstand', rowIndex=107}</message>
</record>
<record>
  <date>2023-12-18T09:03:10.734149400Z</date>
  <millis>1702890190734</millis>
  <nanos>149400</nanos>
  <sequence>105</sequence>
  <logger>org.example.ImageZoneSelector</logger>
  <level>INFO</level>
  <class>org.example.ImageZoneSelector</class>
  <method>displayImageDataSet</method>
  <thread>27</thread>
  <message>ImageData{imageName='vehicle_engineoillevel_4', reference='Motorölstand
Messung läuft', rowIndex=108}</message>
</record>
<record>
  <date>2023-12-18T09:03:10.735158200Z</date>
  <millis>1702890190735</millis>
  <nanos>158200</nanos>
  <sequence>106</sequence>
  <logger>org.example.ImageZoneSelector</logger>
  <level>INFO</level>
  <class>org.example.ImageZoneSelector</class>
  <method>displayImageDataSet</method>
  <thread>27</thread>
  <message>ImageData{imageName='vehicle_engineoillevel_5_empty', reference='Motorölstand', rowIndex=109}</message>
</record>
<record>
  <date>2023-12-18T09:03:10.735158200Z</date>
  <millis>1702890190735</millis>
  <nanos>158200</nanos>
  <sequence>107</sequence>
  <logger>org.example.ImageZoneSelector</logger>
  <level>INFO</level>
  <class>org.example.ImageZoneSelector</class>
  <method>displayImageDataSet</method>
  <thread>27</thread>
  <message>ImageData{imageName='vehicle_engineoillevel_5_empty', reference='Max.', rowIndex=110}</message>
</record>
<record>
  <date>2023-12-18T09:03:10.735158200Z</date>
  <millis>1702890190735</millis>
  <nanos>158200</nanos>
  <sequence>108</sequence>
  <logger>org.example.ImageZoneSelector</logger>
  <level>INFO</level>
  <class>org.example.ImageZoneSelector</class>
  <method>displayImageDataSet</method>
  <thread>27</thread>
  <message>ImageData{imageName='vehicle_engineoillevel_5_empty', reference='Kritisch', rowIndex=111}</message>
</record>
<record>
  <date>2023-12-18T09:03:10.735158200Z</date>
  <millis>1702890190735</millis>
  <nanos>158200</nanos>
  <sequence>109</sequence>
  <logger>org.example.ImageZoneSelector</logger>
  <level>INFO</level>
  <class>org.example.ImageZoneSelector</class>
  <method>displayImageDataSet</method>
  <thread>27</thread>
  <message>ImageData{imageName='vehicle_engineoillevel_5_empty', reference='min', rowIndex=112}</message>
</record>
<record>
  <date>2023-12-18T09:03:10.736190500Z</date>
  <millis>1702890190736</millis>
  <nanos>190500</nanos>
  <sequence>110</sequence>
  <logger>org.example.ImageZoneSelector</logger>
  <level>INFO</level>
  <class>org.example.ImageZoneSelector</class>
  <method>displayImageDataSet</method>
  <thread>27</thread>
  <message>ImageData{imageName='vehicle_engineoillevel_5_ok', reference='Motorölstand', rowIndex=113}</message>
</record>
<record>
  <date>2023-12-18T09:03:10.736190500Z</date>
  <millis>1702890190736</millis>
  <nanos>190500</nanos>
  <sequence>111</sequence>
  <logger>org.example.ImageZoneSelector</logger>
  <level>INFO</level>
  <class>org.example.ImageZoneSelector</class>
  <method>displayImageDataSet</method>
  <thread>27</thread>
  <message>ImageData{imageName='vehicle_engineoillevel_5_ok', reference='Max.', rowIndex=114}</message>
</record>
<record>
  <date>2023-12-18T09:03:10.736190500Z</date>
  <millis>1702890190736</millis>
  <nanos>190500</nanos>
  <sequence>112</sequence>
  <logger>org.example.ImageZoneSelector</logger>
  <level>INFO</level>
  <class>org.example.ImageZoneSelector</class>
  <method>displayImageDataSet</method>
  <thread>27</thread>
  <message>ImageData{imageName='vehicle_engineoillevel_5_ok', reference='Ok', rowIndex=115}</message>
</record>
<record>
  <date>2023-12-18T09:03:10.737200Z</date>
  <millis>1702890190737</millis>
  <nanos>200000</nanos>
  <sequence>113</sequence>
  <logger>org.example.ImageZoneSelector</logger>
  <level>INFO</level>
  <class>org.example.ImageZoneSelector</class>
  <method>displayImageDataSet</method>
  <thread>27</thread>
  <message>ImageData{imageName='vehicle_engineoillevel_5_ok', reference='min', rowIndex=116}</message>
</record>
<record>
  <date>2023-12-18T09:03:10.737200Z</date>
  <millis>1702890190737</millis>
  <nanos>200000</nanos>
  <sequence>114</sequence>
  <logger>org.example.ImageZoneSelector</logger>
  <level>INFO</level>
  <class>org.example.ImageZoneSelector</class>
  <method>displayImageDataSet</method>
  <thread>27</thread>
  <message>ImageData{imageName='vehicle_engineoillevel_5_toohigh', reference='Motorölstand', rowIndex=117}</message>
</record>
<record>
  <date>2023-12-18T09:03:10.737200Z</date>
  <millis>1702890190737</millis>
  <nanos>200000</nanos>
  <sequence>115</sequence>
  <logger>org.example.ImageZoneSelector</logger>
  <level>INFO</level>
  <class>org.example.ImageZoneSelector</class>
  <method>displayImageDataSet</method>
  <thread>27</thread>
  <message>ImageData{imageName='vehicle_engineoillevel_5_toohigh', reference='Max.', rowIndex=118}</message>
</record>
<record>
  <date>2023-12-18T09:03:10.737200Z</date>
  <millis>1702890190737</millis>
  <nanos>200000</nanos>
  <sequence>116</sequence>
  <logger>org.example.ImageZoneSelector</logger>
  <level>INFO</level>
  <class>org.example.ImageZoneSelector</class>
  <method>displayImageDataSet</method>
  <thread>27</thread>
  <message>ImageData{imageName='vehicle_engineoillevel_5_toohigh', reference='Zu
hoch', rowIndex=119}</message>
</record>
<record>
  <date>2023-12-18T09:03:10.738198800Z</date>
  <millis>1702890190738</millis>
  <nanos>198800</nanos>
  <sequence>117</sequence>
  <logger>org.example.ImageZoneSelector</logger>
  <level>INFO</level>
  <class>org.example.ImageZoneSelector</class>
  <method>displayImageDataSet</method>
  <thread>27</thread>
  <message>ImageData{imageName='vehicle_engineoillevel_5_toohigh', reference='min', rowIndex=120}</message>
</record>
<record>
  <date>2023-12-18T09:03:10.738198800Z</date>
  <millis>1702890190738</millis>
  <nanos>198800</nanos>
  <sequence>118</sequence>
  <logger>org.example.ImageZoneSelector</logger>
  <level>INFO</level>
  <class>org.example.ImageZoneSelector</class>
  <method>displayImageDataSet</method>
  <thread>27</thread>
  <message>ImageData{imageName='vehicle_engineoillevel_5_toolow', reference='Motorölstand', rowIndex=121}</message>
</record>
<record>
  <date>2023-12-18T09:03:10.739200700Z</date>
  <millis>1702890190739</millis>
  <nanos>200700</nanos>
  <sequence>119</sequence>
  <logger>org.example.ImageZoneSelector</logger>
  <level>INFO</level>
  <class>org.example.ImageZoneSelector</class>
  <method>displayImageDataSet</method>
  <thread>27</thread>
  <message>ImageData{imageName='vehicle_engineoillevel_5_toolow', reference='Max.', rowIndex=122}</message>
</record>
<record>
  <date>2023-12-18T09:03:10.739200700Z</date>
  <millis>1702890190739</millis>
  <nanos>200700</nanos>
  <sequence>120</sequence>
  <logger>org.example.ImageZoneSelector</logger>
  <level>INFO</level>
  <class>org.example.ImageZoneSelector</class>
  <method>displayImageDataSet</method>
  <thread>27</thread>
  <message>ImageData{imageName='vehicle_engineoillevel_5_toolow', reference='Zu
niedrig', rowIndex=123}</message>
</record>
<record>
  <date>2023-12-18T09:03:10.739200700Z</date>
  <millis>1702890190739</millis>
  <nanos>200700</nanos>
  <sequence>121</sequence>
  <logger>org.example.ImageZoneSelector</logger>
  <level>INFO</level>
  <class>org.example.ImageZoneSelector</class>
  <method>displayImageDataSet</method>
  <thread>27</thread>
  <message>ImageData{imageName='vehicle_engineoillevel_5_toolow', reference='min', rowIndex=124}</message>
</record>
<record>
  <date>2023-12-18T09:03:12.365341100Z</date>
  <millis>1702890192365</millis>
  <nanos>341100</nanos>
  <sequence>122</sequence>
  <logger>org.example.ImageZoneSelector</logger>
  <level>SEVERE</level>
  <class>org.example.ImageZoneSelector</class>
  <method>loadImage</method>
  <thread>27</thread>
  <message>Error loading image</message>
  <exception>
    <message>javax.imageio.IIOException: Can't read input file!</message>
    <frame>
      <class>javax.imageio.ImageIO</class>
      <method>read</method>
      <line>1308</line>
    </frame>
    <frame>
      <class>org.example.ImageZoneSelector</class>
      <method>loadImage</method>
      <line>185</line>
    </frame>
    <frame>
      <class>org.example.ImageZoneSelector</class>
      <method>&lt;init&gt;</method>
      <line>101</line>
    </frame>
    <frame>
      <class>org.example.ImageZoneSelector</class>
      <method>lambda$main$6</method>
      <line>243</line>
    </frame>
    <frame>
      <class>java.awt.event.InvocationEvent</class>
      <method>dispatch</method>
      <line>318</line>
    </frame>
    <frame>
      <class>java.awt.EventQueue</class>
      <method>dispatchEventImpl</method>
      <line>773</line>
    </frame>
    <frame>
      <class>java.awt.EventQueue$4</class>
      <method>run</method>
      <line>720</line>
    </frame>
    <frame>
      <class>java.awt.EventQueue$4</class>
      <method>run</method>
      <line>714</line>
    </frame>
    <frame>
      <class>java.security.AccessController</class>
      <method>doPrivileged</method>
      <line>400</line>
    </frame>
    <frame>
      <class>java.security.ProtectionDomain$JavaSecurityAccessImpl</class>
      <method>doIntersectionPrivilege</method>
      <line>87</line>
    </frame>
    <frame>
      <class>java.awt.EventQueue</class>
      <method>dispatchEvent</method>
      <line>742</line>
    </frame>
    <frame>
      <class>java.awt.EventDispatchThread</class>
      <method>pumpOneEventForFilters</method>
      <line>203</line>
    </frame>
    <frame>
      <class>java.awt.EventDispatchThread</class>
      <method>pumpEventsForFilter</method>
      <line>124</line>
    </frame>
    <frame>
      <class>java.awt.EventDispatchThread</class>
      <method>pumpEventsForHierarchy</method>
      <line>113</line>
    </frame>
    <frame>
      <class>java.awt.EventDispatchThread</class>
      <method>pumpEvents</method>
      <line>109</line>
    </frame>
    <frame>
      <class>java.awt.EventDispatchThread</class>
      <method>pumpEvents</method>
      <line>101</line>
    </frame>
    <frame>
      <class>java.awt.EventDispatchThread</class>
      <method>run</method>
      <line>90</line>
    </frame>
  </exception>
</record>
<record>
  <date>2023-12-18T09:03:15.460887800Z</date>
  <millis>1702890195460</millis>
  <nanos>887800</nanos>
  <sequence>123</sequence>
  <logger>org.example.ImageZoneSelector</logger>
  <level>SEVERE</level>
  <class>org.example.ImageZoneSelector</class>
  <method>loadImage</method>
  <thread>27</thread>
  <message>Error loading image</message>
  <exception>
    <message>javax.imageio.IIOException: Can't read input file!</message>
    <frame>
      <class>javax.imageio.ImageIO</class>
      <method>read</method>
      <line>1308</line>
    </frame>
    <frame>
      <class>org.example.ImageZoneSelector</class>
      <method>loadImage</method>
      <line>185</line>
    </frame>
    <frame>
      <class>org.example.ImageZoneSelector</class>
      <method>loadNextImage</method>
      <line>201</line>
    </frame>
    <frame>
      <class>org.example.ImageZoneSelector</class>
      <method>lambda$new$4</method>
      <line>84</line>
    </frame>
    <frame>
      <class>javax.swing.AbstractButton</class>
      <method>fireActionPerformed</method>
      <line>1972</line>
    </frame>
    <frame>
      <class>javax.swing.AbstractButton$Handler</class>
      <method>actionPerformed</method>
      <line>2314</line>
    </frame>
    <frame>
      <class>javax.swing.DefaultButtonModel</class>
      <method>fireActionPerformed</method>
      <line>407</line>
    </frame>
    <frame>
      <class>javax.swing.DefaultButtonModel</class>
      <method>setPressed</method>
      <line>262</line>
    </frame>
    <frame>
      <class>javax.swing.plaf.basic.BasicButtonListener</class>
      <method>mouseReleased</method>
      <line>279</line>
    </frame>
    <frame>
      <class>java.awt.Component</class>
      <method>processMouseEvent</method>
      <line>6621</line>
    </frame>
    <frame>
      <class>javax.swing.JComponent</class>
      <method>processMouseEvent</method>
      <line>3398</line>
    </frame>
    <frame>
      <class>java.awt.Component</class>
      <method>processEvent</method>
      <line>6386</line>
    </frame>
    <frame>
      <class>java.awt.Container</class>
      <method>processEvent</method>
      <line>2266</line>
    </frame>
    <frame>
      <class>java.awt.Component</class>
      <method>dispatchEventImpl</method>
      <line>4996</line>
    </frame>
    <frame>
      <class>java.awt.Container</class>
      <method>dispatchEventImpl</method>
      <line>2324</line>
    </frame>
    <frame>
      <class>java.awt.Component</class>
      <method>dispatchEvent</method>
      <line>4828</line>
    </frame>
    <frame>
      <class>java.awt.LightweightDispatcher</class>
      <method>retargetMouseEvent</method>
      <line>4948</line>
    </frame>
    <frame>
      <class>java.awt.LightweightDispatcher</class>
      <method>processMouseEvent</method>
      <line>4575</line>
    </frame>
    <frame>
      <class>java.awt.LightweightDispatcher</class>
      <method>dispatchEvent</method>
      <line>4516</line>
    </frame>
    <frame>
      <class>java.awt.Container</class>
      <method>dispatchEventImpl</method>
      <line>2310</line>
    </frame>
    <frame>
      <class>java.awt.Window</class>
      <method>dispatchEventImpl</method>
      <line>2780</line>
    </frame>
    <frame>
      <class>java.awt.Component</class>
      <method>dispatchEvent</method>
      <line>4828</line>
    </frame>
    <frame>
      <class>java.awt.EventQueue</class>
      <method>dispatchEventImpl</method>
      <line>775</line>
    </frame>
    <frame>
      <class>java.awt.EventQueue$4</class>
      <method>run</method>
      <line>720</line>
    </frame>
    <frame>
      <class>java.awt.EventQueue$4</class>
      <method>run</method>
      <line>714</line>
    </frame>
    <frame>
      <class>java.security.AccessController</class>
      <method>doPrivileged</method>
      <line>400</line>
    </frame>
    <frame>
      <class>java.security.ProtectionDomain$JavaSecurityAccessImpl</class>
      <method>doIntersectionPrivilege</method>
      <line>87</line>
    </frame>
    <frame>
      <class>java.security.ProtectionDomain$JavaSecurityAccessImpl</class>
      <method>doIntersectionPrivilege</method>
      <line>98</line>
    </frame>
    <frame>
      <class>java.awt.EventQueue$5</class>
      <method>run</method>
      <line>747</line>
    </frame>
    <frame>
      <class>java.awt.EventQueue$5</class>
      <method>run</method>
      <line>745</line>
    </frame>
    <frame>
      <class>java.security.AccessController</class>
      <method>doPrivileged</method>
      <line>400</line>
    </frame>
    <frame>
      <class>java.security.ProtectionDomain$JavaSecurityAccessImpl</class>
      <method>doIntersectionPrivilege</method>
      <line>87</line>
    </frame>
    <frame>
      <class>java.awt.EventQueue</class>
      <method>dispatchEvent</method>
      <line>744</line>
    </frame>
    <frame>
      <class>java.awt.EventDispatchThread</class>
      <method>pumpOneEventForFilters</method>
      <line>203</line>
    </frame>
    <frame>
      <class>java.awt.EventDispatchThread</class>
      <method>pumpEventsForFilter</method>
      <line>124</line>
    </frame>
    <frame>
      <class>java.awt.EventDispatchThread</class>
      <method>pumpEventsForHierarchy</method>
      <line>113</line>
    </frame>
    <frame>
      <class>java.awt.EventDispatchThread</class>
      <method>pumpEvents</method>
      <line>109</line>
    </frame>
    <frame>
      <class>java.awt.EventDispatchThread</class>
      <method>pumpEvents</method>
      <line>101</line>
    </frame>
    <frame>
      <class>java.awt.EventDispatchThread</class>
      <method>run</method>
      <line>90</line>
    </frame>
  </exception>
</record>
</log>
